<?xml version="1.0" encoding="UTF-8"?>
  <testsuite name="ClusterLoaderV2" tests="0" failures="0" errors="0" time="2056.43">
      <testcase name="load overall (./testing/load/config.yaml)" classname="ClusterLoaderV2" time="2056.411841045"></testcase>
      <testcase name="load: [step: 01] starting measurements [00] - EtcdMetrics Cluster Database Size" classname="ClusterLoaderV2" time="1.112564583"></testcase>
      <testcase name="load: [step: 02] starting API server concurrency measurements [00] - APIServerInflights" classname="ClusterLoaderV2" time="0.358923513"></testcase>
      <testcase name="load: [step: 02] starting API server concurrency measurements [01] - APIServerInqueues" classname="ClusterLoaderV2" time="0.358933101"></testcase>
      <testcase name="load: [step: 02] starting API server concurrency measurements [02] - APIServerFlowControl" classname="ClusterLoaderV2" time="0.358930786"></testcase>
      <testcase name="load: [step: 03] Creating k8s services" classname="ClusterLoaderV2" time="11.471134891"></testcase>
      <testcase name="load: [step: 04] Creating PriorityClass for DaemonSets" classname="ClusterLoaderV2" time="0.372571773"></testcase>
      <testcase name="load: [step: 05] create objects configmaps and secrets" classname="ClusterLoaderV2" time="1.450427118"></testcase>
      <testcase name="load: [step: 06] Starting measurement for &#39;create objects&#39; [00] - " classname="ClusterLoaderV2" time="3.160257261"></testcase>
      <testcase name="load: [step: 07] create objects" classname="ClusterLoaderV2" time="797.551498135"></testcase>
      <testcase name="load: [step: 08] Waiting for &#39;create objects&#39; to be completed [00] - " classname="ClusterLoaderV2" time="9.986769453"></testcase>
      <testcase name="load: [step: 09] Creating scheduler throughput measurements [00] - HighThroughputPodStartupLatency" classname="ClusterLoaderV2" time="0.761159892"></testcase>
      <testcase name="load: [step: 09] Creating scheduler throughput measurements [01] - WaitForSchedulerThroughputDeployments" classname="ClusterLoaderV2" time="0.761270068"></testcase>
      <testcase name="load: [step: 09] Creating scheduler throughput measurements [02] - SchedulingThroughput" classname="ClusterLoaderV2" time="0.761347291"></testcase>
      <testcase name="load: [step: 10] create scheduler throughput pods" classname="ClusterLoaderV2" time="0.368415745"></testcase>
      <testcase name="load: [step: 11] Waiting for scheduler throughput pods to be created [00] - WaitForSchedulerThroughputDeployments" classname="ClusterLoaderV2" time="15.029576634"></testcase>
      <testcase name="load: [step: 12] Collecting scheduler throughput measurements [00] - HighThroughputPodStartupLatency" classname="ClusterLoaderV2" time="4.360058415"></testcase>
      <testcase name="load: [step: 12] Collecting scheduler throughput measurements [01] - SchedulingThroughput" classname="ClusterLoaderV2" time="0.363140862"></testcase>
      <testcase name="load: [step: 13] delete scheduler throughput pods" classname="ClusterLoaderV2" time="0.377061804"></testcase>
      <testcase name="load: [step: 14] Waiting for scheduler throughput pods to be deleted [00] - WaitForSchedulerThroughputDeployments" classname="ClusterLoaderV2" time="20.007885186"></testcase>
      <testcase name="load: [step: 15] Starting measurement for &#39;scale and update objects&#39; [00] - " classname="ClusterLoaderV2" time="0.393072186"></testcase>
      <testcase name="load: [step: 16] scale and update objects" classname="ClusterLoaderV2" time="192.569816513"></testcase>
      <testcase name="load: [step: 17] Waiting for &#39;scale and update objects&#39; to be completed [00] - " classname="ClusterLoaderV2" time="32.397553923"></testcase>
      <testcase name="load: [step: 18] Starting measurement for &#39;delete objects&#39; [00] - " classname="ClusterLoaderV2" time="0.428288675"></testcase>
      <testcase name="load: [step: 19] delete objects" classname="ClusterLoaderV2" time="786.654397917"></testcase>
      <testcase name="load: [step: 20] Waiting for &#39;delete objects&#39; to be completed [00] - " classname="ClusterLoaderV2" time="9.994619575"></testcase>
      <testcase name="load: [step: 20] Waiting for &#39;delete objects&#39; to be completed [01] - WaitForPVCsToBeDeleted" classname="ClusterLoaderV2" time="6.499236534"></testcase>
      <testcase name="load: [step: 21] delete objects configmaps and secrets" classname="ClusterLoaderV2" time="1.480429097"></testcase>
      <testcase name="load: [step: 22] Deleting PriorityClass for DaemonSets" classname="ClusterLoaderV2" time="0.484681321"></testcase>
      <testcase name="load: [step: 23] Deleting k8s services" classname="ClusterLoaderV2" time="11.218756366"></testcase>
      <testcase name="load: [step: 24] gathering measurements [00] - EtcdMetrics Cluster Database Size" classname="ClusterLoaderV2" time="3.835615541"></testcase>
      <testcase name="load: [step: 25] gathering API server concurrency measurements [00] - APIServerInflights" classname="ClusterLoaderV2" time="2.834046749"></testcase>
      <testcase name="load: [step: 25] gathering API server concurrency measurements [01] - APIServerInqueues" classname="ClusterLoaderV2" time="2.834010391"></testcase>
      <testcase name="load: [step: 25] gathering API server concurrency measurements [02] - APIServerFlowControl" classname="ClusterLoaderV2" time="2.834087535"></testcase>
  </testsuite>